<?xml version="1.0" encoding="UTF-8"?>
<!-- Generated by org.testng.reporters.JUnitXMLReporter -->
<testsuite ignored="0" hostname="DESKTOP-L03PUD3" failures="0" tests="4" name="ChromeTest(failed)" time="0.075" errors="0" timestamp="2023-07-16T17:32:17 IST">
  <testcase classname="testNGTest.TestNGClass2" name="@BeforeTest launchBrowser" time="-1.689508937595E9">
    <failure type="org.testng.TestNGException" message="
Parameter &amp;apos;browser&amp;apos; is required by BeforeTest on method launchBrowser but has not been marked @Optional or defined
in C:\Users\admin\eclipse-workspace\MavenProject1\test-output\testng-failed.xml">
      <![CDATA[org.testng.TestNGException: 
Parameter 'browser' is required by BeforeTest on method launchBrowser but has not been marked @Optional or defined
in C:\Users\admin\eclipse-workspace\MavenProject1\test-output\testng-failed.xml
... Removed 21 stack frames]]>
    </failure>
  </testcase> <!-- @BeforeTest launchBrowser -->
  <testcase classname="testNGTest.TestNGClass2" name="@BeforeClass beforeClass" time="-1.689508937606E9">
    <skipped/>
  </testcase> <!-- @BeforeClass beforeClass -->
  <testcase classname="testNGTest.TestNGClass2" name="@BeforeMethod beforeMethod" time="-1.689508937611E9">
    <skipped/>
  </testcase> <!-- @BeforeMethod beforeMethod -->
  <testcase classname="testNGTest.TestNGClass2" name="@AfterMethod afterMethod" time="-1.689508937622E9">
    <skipped/>
  </testcase> <!-- @AfterMethod afterMethod -->
  <testcase classname="testNGTest.TestNGClass2" name="@BeforeMethod beforeMethod" time="-1.689508937626E9">
    <skipped/>
  </testcase> <!-- @BeforeMethod beforeMethod -->
  <testcase classname="testNGTest.TestNGClass2" name="@AfterMethod afterMethod" time="-1.689508937632E9">
    <skipped/>
  </testcase> <!-- @AfterMethod afterMethod -->
  <testcase classname="testNGTest.TestNGClass2" name="@BeforeMethod beforeMethod" time="-1.689508937636E9">
    <skipped/>
  </testcase> <!-- @BeforeMethod beforeMethod -->
  <testcase classname="testNGTest.TestNGClass2" name="@AfterMethod afterMethod" time="-1.689508937645E9">
    <skipped/>
  </testcase> <!-- @AfterMethod afterMethod -->
  <testcase classname="testNGTest.TestNGClass2" name="@BeforeMethod beforeMethod" time="-1.689508937648E9">
    <skipped/>
  </testcase> <!-- @BeforeMethod beforeMethod -->
  <testcase classname="testNGTest.TestNGClass2" name="@AfterMethod afterMethod" time="-1.689508937654E9">
    <skipped/>
  </testcase> <!-- @AfterMethod afterMethod -->
  <testcase classname="testNGTest.TestNGClass2" name="@AfterClass afterClass" time="-1.689508937658E9">
    <skipped/>
  </testcase> <!-- @AfterClass afterClass -->
  <testcase classname="testNGTest.TestNGClass2" name="@AfterTest afterTlass" time="-1.689508937663E9">
    <skipped/>
  </testcase> <!-- @AfterTest afterTlass -->
  <testcase classname="testNGTest.TestNGClass2" name="testA" time="0.0">
    <skipped/>
  </testcase> <!-- testA -->
  <testcase classname="testNGTest.TestNGClass2" name="testD" time="0.0">
    <skipped/>
  </testcase> <!-- testD -->
  <testcase classname="testNGTest.TestNGClass2" name="testB" time="0.0">
    <skipped/>
  </testcase> <!-- testB -->
  <testcase classname="testNGTest.TestNGClass2" name="testC" time="0.0">
    <skipped/>
  </testcase> <!-- testC -->
</testsuite> <!-- ChromeTest(failed) -->
