<?xml version="1.0" encoding="UTF-8"?>
<!-- Generated by org.testng.reporters.JUnitXMLReporter -->
<testsuite ignored="0" hostname="DESKTOP-L03PUD3" failures="0" tests="4" name="Default test" time="0.199" errors="0" timestamp="2023-07-16T18:45:33 IST">
  <testcase classname="testNGTest.TestNGClass2" name="@BeforeTest launchBrowser" time="-1.689513332727E9">
    <failure type="org.testng.TestNGException" message="
Parameter &amp;apos;browser&amp;apos; is required by BeforeTest on method launchBrowser but has not been marked @Optional or defined
in C:\Users\admin\AppData\Local\Temp\testng-eclipse--1060617233\testng-customsuite.xml">
      <![CDATA[org.testng.TestNGException: 
Parameter 'browser' is required by BeforeTest on method launchBrowser but has not been marked @Optional or defined
in C:\Users\admin\AppData\Local\Temp\testng-eclipse--1060617233\testng-customsuite.xml
at org.testng.internal.Parameters.createParams(Parameters.java:270)
at org.testng.internal.Parameters.createParametersForMethod(Parameters.java:358)
at org.testng.internal.Parameters.createParameters(Parameters.java:700)
at org.testng.internal.Parameters.createConfigurationParameters(Parameters.java:168)
at org.testng.internal.ConfigInvoker.invokeConfigurations(ConfigInvoker.java:302)
at org.testng.TestRunner.invokeTestConfigurations(TestRunner.java:637)
at org.testng.TestRunner.beforeRun(TestRunner.java:627)
at org.testng.TestRunner.run(TestRunner.java:589)
at org.testng.SuiteRunner.runTest(SuiteRunner.java:377)
at org.testng.SuiteRunner.runSequentially(SuiteRunner.java:371)
at org.testng.SuiteRunner.privateRun(SuiteRunner.java:332)
at org.testng.SuiteRunner.run(SuiteRunner.java:276)
at org.testng.SuiteRunnerWorker.runSuite(SuiteRunnerWorker.java:53)
at org.testng.SuiteRunnerWorker.run(SuiteRunnerWorker.java:96)
at org.testng.TestNG.runSuitesSequentially(TestNG.java:1212)
at org.testng.TestNG.runSuitesLocally(TestNG.java:1134)
at org.testng.TestNG.runSuites(TestNG.java:1063)
at org.testng.TestNG.run(TestNG.java:1031)
at org.testng.remote.AbstractRemoteTestNG.run(AbstractRemoteTestNG.java:115)
at org.testng.remote.RemoteTestNG.initAndRun(RemoteTestNG.java:251)
at org.testng.remote.RemoteTestNG.main(RemoteTestNG.java:77)
]]>
    </failure>
  </testcase> <!-- @BeforeTest launchBrowser -->
  <testcase classname="testNGTest.TestNGClass2" name="@BeforeClass beforeClass" time="-1.689513332795E9">
    <skipped/>
  </testcase> <!-- @BeforeClass beforeClass -->
  <testcase classname="testNGTest.TestNGClass2" name="@BeforeMethod beforeMethod" time="-1.689513332834E9">
    <skipped/>
  </testcase> <!-- @BeforeMethod beforeMethod -->
  <testcase classname="testNGTest.TestNGClass2" name="@AfterMethod afterMethod" time="-1.689513332853E9">
    <skipped/>
  </testcase> <!-- @AfterMethod afterMethod -->
  <testcase classname="testNGTest.TestNGClass2" name="@BeforeMethod beforeMethod" time="-1.689513332862E9">
    <skipped/>
  </testcase> <!-- @BeforeMethod beforeMethod -->
  <testcase classname="testNGTest.TestNGClass2" name="@AfterMethod afterMethod" time="-1.689513332874E9">
    <skipped/>
  </testcase> <!-- @AfterMethod afterMethod -->
  <testcase classname="testNGTest.TestNGClass2" name="@BeforeMethod beforeMethod" time="-1.689513332877E9">
    <skipped/>
  </testcase> <!-- @BeforeMethod beforeMethod -->
  <testcase classname="testNGTest.TestNGClass2" name="@AfterMethod afterMethod" time="-1.689513332889E9">
    <skipped/>
  </testcase> <!-- @AfterMethod afterMethod -->
  <testcase classname="testNGTest.TestNGClass2" name="@BeforeMethod beforeMethod" time="-1.689513332893E9">
    <skipped/>
  </testcase> <!-- @BeforeMethod beforeMethod -->
  <testcase classname="testNGTest.TestNGClass2" name="@AfterMethod afterMethod" time="-1.6895133329E9">
    <skipped/>
  </testcase> <!-- @AfterMethod afterMethod -->
  <testcase classname="testNGTest.TestNGClass2" name="@AfterClass afterClass" time="-1.689513332903E9">
    <skipped/>
  </testcase> <!-- @AfterClass afterClass -->
  <testcase classname="testNGTest.TestNGClass2" name="@AfterTest afterTlass" time="-1.68951333291E9">
    <skipped/>
  </testcase> <!-- @AfterTest afterTlass -->
  <testcase classname="testNGTest.TestNGClass2" name="testA" time="0.0">
    <skipped/>
  </testcase> <!-- testA -->
  <testcase classname="testNGTest.TestNGClass2" name="testB" time="0.0">
    <skipped/>
  </testcase> <!-- testB -->
  <testcase classname="testNGTest.TestNGClass2" name="testC" time="0.0">
    <skipped/>
  </testcase> <!-- testC -->
  <testcase classname="testNGTest.TestNGClass2" name="testD" time="0.0">
    <skipped/>
  </testcase> <!-- testD -->
</testsuite> <!-- Default test -->
