<?xml version="1.0" encoding="UTF-8"?>
<!-- Generated by org.testng.reporters.JUnitXMLReporter -->
<testsuite ignored="0" hostname="DESKTOP-L03PUD3" failures="0" tests="4" name="ChromeTest" time="0.088" errors="0" timestamp="2023-07-16T18:49:57 IST">
  <testcase classname="testNGTest.TestNGClass2" name="@BeforeTest launchBrowser" time="-1.689513597884E9">
    <failure type="org.testng.TestNGException" message="
Parameter &amp;apos;browser&amp;apos; is required by BeforeTest on method launchBrowser but has not been marked @Optional or defined
in C:\Users\admin\eclipse-workspace\MavenProject1\Sanity.xml">
      <![CDATA[org.testng.TestNGException: 
Parameter 'browser' is required by BeforeTest on method launchBrowser but has not been marked @Optional or defined
in C:\Users\admin\eclipse-workspace\MavenProject1\Sanity.xml
... Removed 21 stack frames]]>
    </failure>
  </testcase> <!-- @BeforeTest launchBrowser -->
  <testcase classname="testNGTest.TestNGClass2" name="@BeforeClass beforeClass" time="-1.689513597904E9">
    <skipped/>
  </testcase> <!-- @BeforeClass beforeClass -->
  <testcase classname="testNGTest.TestNGClass2" name="@BeforeMethod beforeMethod" time="-1.689513597908E9">
    <skipped/>
  </testcase> <!-- @BeforeMethod beforeMethod -->
  <testcase classname="testNGTest.TestNGClass2" name="@AfterMethod afterMethod" time="-1.689513597915E9">
    <skipped/>
  </testcase> <!-- @AfterMethod afterMethod -->
  <testcase classname="testNGTest.TestNGClass2" name="@BeforeMethod beforeMethod" time="-1.689513597921E9">
    <skipped/>
  </testcase> <!-- @BeforeMethod beforeMethod -->
  <testcase classname="testNGTest.TestNGClass2" name="@AfterMethod afterMethod" time="-1.689513597929E9">
    <skipped/>
  </testcase> <!-- @AfterMethod afterMethod -->
  <testcase classname="testNGTest.TestNGClass2" name="@BeforeMethod beforeMethod" time="-1.689513597933E9">
    <skipped/>
  </testcase> <!-- @BeforeMethod beforeMethod -->
  <testcase classname="testNGTest.TestNGClass2" name="@AfterMethod afterMethod" time="-1.68951359794E9">
    <skipped/>
  </testcase> <!-- @AfterMethod afterMethod -->
  <testcase classname="testNGTest.TestNGClass2" name="@BeforeMethod beforeMethod" time="-1.689513597944E9">
    <skipped/>
  </testcase> <!-- @BeforeMethod beforeMethod -->
  <testcase classname="testNGTest.TestNGClass2" name="@AfterMethod afterMethod" time="-1.68951359796E9">
    <skipped/>
  </testcase> <!-- @AfterMethod afterMethod -->
  <testcase classname="testNGTest.TestNGClass2" name="@AfterClass afterClass" time="-1.689513597963E9">
    <skipped/>
  </testcase> <!-- @AfterClass afterClass -->
  <testcase classname="testNGTest.TestNGClass2" name="@AfterTest afterTlass" time="-1.689513597968E9">
    <skipped/>
  </testcase> <!-- @AfterTest afterTlass -->
  <testcase classname="testNGTest.TestNGClass2" name="testA" time="0.0">
    <skipped/>
  </testcase> <!-- testA -->
  <testcase classname="testNGTest.TestNGClass2" name="testB" time="0.0">
    <skipped/>
  </testcase> <!-- testB -->
  <testcase classname="testNGTest.TestNGClass2" name="testC" time="0.0">
    <skipped/>
  </testcase> <!-- testC -->
  <testcase classname="testNGTest.TestNGClass2" name="testD" time="0.0">
    <skipped/>
  </testcase> <!-- testD -->
</testsuite> <!-- ChromeTest -->
